INFO     Running translator.
INFO     translator input: ['/PROJECT/domain.pddl', '/PROJECT/problem.pddl']
INFO     translator arguments: ['--keep-unimportant-variables', '--invariant-generation-max-time', '300']
INFO     translator time limit: None
INFO     translator memory limit: 5120 MB
INFO     callstring: /usr/bin/python /PROJECT/builds/release64/bin/translate/translate.py /PROJECT/domain.pddl /PROJECT/problem.pddl --keep-unimportant-variables --invariant-generation-max-time 300
Parsing...
Parsing: [0.000s CPU, 0.002s wall-clock]
Normalizing task... [0.000s CPU, 0.000s wall-clock]
Instantiating...
Generating Datalog program... [0.000s CPU, 0.000s wall-clock]
Normalizing Datalog program...
Normalizing Datalog program: [0.000s CPU, 0.003s wall-clock]
Preparing model... [0.010s CPU, 0.001s wall-clock]
Generated 67 rules.
Computing model... [0.000s CPU, 0.001s wall-clock]
19 relevant atoms
46 auxiliary atoms
65 final queue length
68 total queue pushes
Completing instantiation... [0.000s CPU, 0.000s wall-clock]
Instantiating: [0.010s CPU, 0.006s wall-clock]
Computing fact groups...
Finding invariants...
4 initial candidates
Finding invariants: [0.000s CPU, 0.001s wall-clock]
Checking invariant weight... [0.000s CPU, 0.000s wall-clock]
Instantiating groups... [0.000s CPU, 0.000s wall-clock]
Collecting mutex groups... [0.000s CPU, 0.000s wall-clock]
Choosing groups...
1 uncovered facts
Choosing groups: [0.000s CPU, 0.000s wall-clock]
Building translation key... [0.000s CPU, 0.000s wall-clock]
Computing fact groups: [0.000s CPU, 0.002s wall-clock]
Building STRIPS to SAS dictionary... [0.000s CPU, 0.000s wall-clock]
Building dictionary for full mutex groups... [0.000s CPU, 0.000s wall-clock]
Building mutex information...
Building mutex information: [0.000s CPU, 0.000s wall-clock]
Translating task...
Processing axioms...
Simplifying axioms... [0.000s CPU, 0.000s wall-clock]
Processing axioms: [0.000s CPU, 0.000s wall-clock]
Translating task: [0.000s CPU, 0.000s wall-clock]
2 effect conditions simplified
0 implied preconditions added
Detecting unreachable propositions...
0 operators removed
0 axioms removed
1 propositions removed
Detecting unreachable propositions: [0.000s CPU, 0.000s wall-clock]
Reordering and filtering variables...
0 of 1 mutex groups necessary.
6 of 6 operators necessary.
0 of 0 axiom rules necessary.
Reordering and filtering variables: [0.000s CPU, 0.000s wall-clock]
Translator variables: 2
Translator derived variables: 0
Translator facts: 4
Translator goal facts: 2
Translator mutex groups: 0
Translator total mutex groups size: 0
Translator operators: 6
Translator axioms: 0
Translator task size: 32
Translator peak memory: 15912 KB
Writing output... [0.000s CPU, 0.000s wall-clock]
Done! [0.010s CPU, 0.011s wall-clock]
INFO     Running search (release64).
INFO     search input: output.sas
INFO     search arguments: ['--search', 'prpsearch()']
INFO     search time limit: None
INFO     search memory limit: 5120 MB
INFO     search executable: /PROJECT/builds/release64/bin/downward
INFO     callstring: /PROJECT/builds/release64/bin/downward --search 'prpsearch()' --internal-plan-file sas_plan < output.sas
reading input... [t=3.9511e-05s]
done reading input! [t=0.000194626s]
packing state variables...done! [t=0.000206533s]
Variables: 2
FactPairs: 4
Bytes per state: 4
Building successor generator...done! [t=0.000281041s]
peak memory difference for root successor generator creation: 0 KB
time for root successor generation creation: 6.538e-06s
done initializing global data [t=0.000315264s]

Total allotted time (s): 3600
Max time for core phase (remaining used in final-round repairs): 1800
Max time for each of the 1 epochs: 1800



Creating the simulator...


Generating an incumbent solution...


Beginning search for strong cyclic solution...


FOND Search: Round 1
Starting a fresh search...

 {..}

Could not close 0 of 2 open leaf states.
Investigated 2 states for the strong cyclic plan.
Done repairing...


-------------------------------------------------------------------


		-----------------------------------
		      { General Statistics }
		-----------------------------------

                         Time taken: 0.00135221 sec
                           # Rounds: 1
                    # Weak Searches: 2
                      Solution Size: 4
                          FSAP Size: 0
                       Poison Count: 0

-------------------------------------------------------------------


Running the simulation...

		--------------------------------------
		      { Simulation Statistics }
		--------------------------------------

                          Trials: 100
                           Depth: 1000
                         Success: 100	 (100.00 %)
                        Failures: 0	 (0.00 %)

 Failures due to unhandled state: 0	 (-nan %)
     Failures due to depth limit: 0	 (-nan %)

      Mean successful run length: 5.58
  Mean (state-)failed run length: 0.00

-------------------------------------------------------------------

Dumping the policy and fsaps...

Strong cyclic solution found.
Peak memory: 4948 KB
Command '['/PROJECT/builds/release64/bin/downward', '--search', 'prpsearch()', '--internal-plan-file', 'sas_plan']' returned non-zero exit status 9.

